Simulating 15 dendrites with 1000 compartments per dendrite.

Data will be stored in data/p1d15c1000_032323_172951.dat
Graph will be stored in graphs/p1d15c1000_032323_172951.png

Integration step dt = 0.000100

01 ms
02 ms
03 ms
04 ms
05 ms
06 ms
07 ms
08 ms
09 ms
10 ms
11 ms
12 ms
13 ms
14 ms
15 ms
16 ms
17 ms
18 ms
19 ms
20 ms
21 ms
22 ms
23 ms
24 ms
25 ms
26 ms
27 ms
28 ms
29 ms
30 ms
31 ms
32 ms
33 ms
34 ms
35 ms
36 ms
37 ms
38 ms
39 ms
40 ms
41 ms
42 ms
43 ms
44 ms
45 ms
46 ms
47 ms
48 ms
49 ms
50 ms
51 ms
52 ms
53 ms
54 ms
55 ms
56 ms
57 ms
58 ms
59 ms
60 ms
61 ms
62 ms
63 ms
64 ms
65 ms
66 ms
67 ms
68 ms
69 ms
70 ms
71 ms
72 ms
73 ms
74 ms
75 ms
76 ms
77 ms
78 ms
79 ms
80 ms
81 ms
82 ms
83 ms
84 ms
85 ms
86 ms
87 ms
88 ms
89 ms
90 ms
91 ms
92 ms
93 ms
94 ms
95 ms
96 ms
97 ms
98 ms
99 ms

Execution time: 2333.658022 seconds.
	